08-05-2015 15:07:26,910; [main]; WARN ; org.hibernate.ejb.HibernatePersistence;  - HHH015016: Encountered a deprecated javax.persistence.spi.PersistenceProvider [org.hibernate.ejb.HibernatePersistence]; use [org.hibernate.jpa.HibernatePersistenceProvider] instead.
08-05-2015 15:07:31,046; [main]; INFO ; org.myproject.test.conndb.repositories.SurveyQuestionRepositoryTest;  - org.myproject.model.entities.Survey@b8b6c0[
  active=true
  surveyType=org.myproject.model.entities.SurveyType@5d6175[
  group=org.myproject.model.entities.SurveyTypeGroup@144ac86[
  description=TEACHER_UC
  id=2
]
  description=01 - TEACHER_UC
  questionList=[org.myproject.model.entities.SurveyQuestion@127b497[
  surveyType=org.myproject.model.entities.SurveyType@5d6175
  questionGroup=org.myproject.model.entities.SurveyQuestionGroup@11534d3[
  type=10
  description=Métodos Pedagógicos Utilizados
  id=1
]
  scaleType=org.myproject.model.entities.SurveyScaleType@74aa0d[
  description=Temp_4
  scaleList=[org.myproject.model.entities.SurveyAnswerScale@aa712c[
  scaleType=org.myproject.model.entities.SurveyScaleType@74aa0d
  value=1
  text=Nunca
  id=15
], org.myproject.model.entities.SurveyAnswerScale@7c351d[
  scaleType=org.myproject.model.entities.SurveyScaleType@74aa0d
  value=2
  text=Pouco
  id=16
], org.myproject.model.entities.SurveyAnswerScale@14a0aef[
  scaleType=org.myproject.model.entities.SurveyScaleType@74aa0d
  value=3
  text=Algumas Vezes
  id=17
], org.myproject.model.entities.SurveyAnswerScale@1cec376[
  scaleType=org.myproject.model.entities.SurveyScaleType@74aa0d
  value=4
  text=Sempre
  id=18
]]
  id=4
]
  text=Lição
  id=8
], org.myproject.model.entities.SurveyQuestion@1181b50[
  surveyType=org.myproject.model.entities.SurveyType@5d6175
  questionGroup=org.myproject.model.entities.SurveyQuestionGroup@11534d3[
  type=10
  description=Métodos Pedagógicos Utilizados
  id=1
]
  scaleType=org.myproject.model.entities.SurveyScaleType@74aa0d[
  description=Temp_4
  scaleList=[org.myproject.model.entities.SurveyAnswerScale@aa712c[
  scaleType=org.myproject.model.entities.SurveyScaleType@74aa0d
  value=1
  text=Nunca
  id=15
], org.myproject.model.entities.SurveyAnswerScale@7c351d[
  scaleType=org.myproject.model.entities.SurveyScaleType@74aa0d
  value=2
  text=Pouco
  id=16
], org.myproject.model.entities.SurveyAnswerScale@14a0aef[
  scaleType=org.myproject.model.entities.SurveyScaleType@74aa0d
  value=3
  text=Algumas Vezes
  id=17
], org.myproject.model.entities.SurveyAnswerScale@1cec376[
  scaleType=org.myproject.model.entities.SurveyScaleType@74aa0d
  value=4
  text=Sempre
  id=18
]]
  id=4
]
  text=Resolução de problemas
  id=9
], org.myproject.model.entities.SurveyQuestion@164160c[
  surveyType=org.myproject.model.entities.SurveyType@5d6175
  questionGroup=org.myproject.model.entities.SurveyQuestionGroup@11534d3[
  type=10
  description=Métodos Pedagógicos Utilizados
  id=1
]
  scaleType=org.myproject.model.entities.SurveyScaleType@74aa0d[
  description=Temp_4
  scaleList=[org.myproject.model.entities.SurveyAnswerScale@aa712c[
  scaleType=org.myproject.model.entities.SurveyScaleType@74aa0d
  value=1
  text=Nunca
  id=15
], org.myproject.model.entities.SurveyAnswerScale@7c351d[
  scaleType=org.myproject.model.entities.SurveyScaleType@74aa0d
  value=2
  text=Pouco
  id=16
], org.myproject.model.entities.SurveyAnswerScale@14a0aef[
  scaleType=org.myproject.model.entities.SurveyScaleType@74aa0d
  value=3
  text=Algumas Vezes
  id=17
], org.myproject.model.entities.SurveyAnswerScale@1cec376[
  scaleType=org.myproject.model.entities.SurveyScaleType@74aa0d
  value=4
  text=Sempre
  id=18
]]
  id=4
]
  text=Debates
  id=10
], org.myproject.model.entities.SurveyQuestion@1254608[
  surveyType=org.myproject.model.entities.SurveyType@5d6175
  questionGroup=org.myproject.model.entities.SurveyQuestionGroup@11534d3[
  type=10
  description=Métodos Pedagógicos Utilizados
  id=1
]
  scaleType=org.myproject.model.entities.SurveyScaleType@74aa0d[
  description=Temp_4
  scaleList=[org.myproject.model.entities.SurveyAnswerScale@aa712c[
  scaleType=org.myproject.model.entities.SurveyScaleType@74aa0d
  value=1
  text=Nunca
  id=15
], org.myproject.model.entities.SurveyAnswerScale@7c351d[
  scaleType=org.myproject.model.entities.SurveyScaleType@74aa0d
  value=2
  text=Pouco
  id=16
], org.myproject.model.entities.SurveyAnswerScale@14a0aef[
  scaleType=org.myproject.model.entities.SurveyScaleType@74aa0d
  value=3
  text=Algumas Vezes
  id=17
], org.myproject.model.entities.SurveyAnswerScale@1cec376[
  scaleType=org.myproject.model.entities.SurveyScaleType@74aa0d
  value=4
  text=Sempre
  id=18
]]
  id=4
]
  text=Apresentações / Briefings
  id=11
], org.myproject.model.entities.SurveyQuestion@eb0f9b[
  surveyType=org.myproject.model.entities.SurveyType@5d6175
  questionGroup=org.myproject.model.entities.SurveyQuestionGroup@11534d3[
  type=10
  description=Métodos Pedagógicos Utilizados
  id=1
]
  scaleType=org.myproject.model.entities.SurveyScaleType@74aa0d[
  description=Temp_4
  scaleList=[org.myproject.model.entities.SurveyAnswerScale@aa712c[
  scaleType=org.myproject.model.entities.SurveyScaleType@74aa0d
  value=1
  text=Nunca
  id=15
], org.myproject.model.entities.SurveyAnswerScale@7c351d[
  scaleType=org.myproject.model.entities.SurveyScaleType@74aa0d
  value=2
  text=Pouco
  id=16
], org.myproject.model.entities.SurveyAnswerScale@14a0aef[
  scaleType=org.myproject.model.entities.SurveyScaleType@74aa0d
  value=3
  text=Algumas Vezes
  id=17
], org.myproject.model.entities.SurveyAnswerScale@1cec376[
  scaleType=org.myproject.model.entities.SurveyScaleType@74aa0d
  value=4
  text=Sempre
  id=18
]]
  id=4
]
  text=Estudo de caso
  id=12
], org.myproject.model.entities.SurveyQuestion@11c538d[
  surveyType=org.myproject.model.entities.SurveyType@5d6175
  questionGroup=org.myproject.model.entities.SurveyQuestionGroup@11534d3[
  type=10
  description=Métodos Pedagógicos Utilizados
  id=1
]
  scaleType=org.myproject.model.entities.SurveyScaleType@74aa0d[
  description=Temp_4
  scaleList=[org.myproject.model.entities.SurveyAnswerScale@aa712c[
  scaleType=org.myproject.model.entities.SurveyScaleType@74aa0d
  value=1
  text=Nunca
  id=15
], org.myproject.model.entities.SurveyAnswerScale@7c351d[
  scaleType=org.myproject.model.entities.SurveyScaleType@74aa0d
  value=2
  text=Pouco
  id=16
], org.myproject.model.entities.SurveyAnswerScale@14a0aef[
  scaleType=org.myproject.model.entities.SurveyScaleType@74aa0d
  value=3
  text=Algumas Vezes
  id=17
], org.myproject.model.entities.SurveyAnswerScale@1cec376[
  scaleType=org.myproject.model.entities.SurveyScaleType@74aa0d
  value=4
  text=Sempre
  id=18
]]
  id=4
]
  text=Seminário / Workshop
  id=13
], org.myproject.model.entities.SurveyQuestion@45f294[
  surveyType=org.myproject.model.entities.SurveyType@5d6175
  questionGroup=org.myproject.model.entities.SurveyQuestionGroup@11534d3[
  type=10
  description=Métodos Pedagógicos Utilizados
  id=1
]
  scaleType=org.myproject.model.entities.SurveyScaleType@74aa0d[
  description=Temp_4
  scaleList=[org.myproject.model.entities.SurveyAnswerScale@aa712c[
  scaleType=org.myproject.model.entities.SurveyScaleType@74aa0d
  value=1
  text=Nunca
  id=15
], org.myproject.model.entities.SurveyAnswerScale@7c351d[
  scaleType=org.myproject.model.entities.SurveyScaleType@74aa0d
  value=2
  text=Pouco
  id=16
], org.myproject.model.entities.SurveyAnswerScale@14a0aef[
  scaleType=org.myproject.model.entities.SurveyScaleType@74aa0d
  value=3
  text=Algumas Vezes
  id=17
], org.myproject.model.entities.SurveyAnswerScale@1cec376[
  scaleType=org.myproject.model.entities.SurveyScaleType@74aa0d
  value=4
  text=Sempre
  id=18
]]
  id=4
]
  text=Simulação / Desempenho de papéis
  id=14
]]
  id=2
]
  description=Inquérito das UC - 2015
  surveyDate=2015-07-01 00:00:00.0
  endDate=2015-07-31 00:00:00.0
  executionYear=org.myproject.model.entities.ExecutionYear@1272109[
  executionYear=2014/2015
  transitionTable=tbl_DEGREE_CURRICULAR_PLANS_TRANSITION_14
  id=9
]
  id=3
]
